0 info it worked if it ends with ok
1 verbose cli [ 'C:\\Program Files\\nodejs\\node.exe',
1 verbose cli   'C:\\Program Files\\nodejs\\node_modules\\npm\\bin\\npm-cli.js',
1 verbose cli   'install',
1 verbose cli   '--save',
1 verbose cli   'rangeslider.js' ]
2 info using npm@3.3.12
3 info using node@v5.3.0
4 silly loadCurrentTree Starting
5 silly install loadCurrentTree
6 silly install readLocalPackageData
7 silly fetchPackageMetaData rangeslider.js
8 silly fetchOtherPackageData rangeslider.js
9 silly cache add args [ 'rangeslider.js', null ]
10 verbose cache add spec rangeslider.js
11 silly cache add parsed spec Result {
11 silly cache add   raw: 'rangeslider.js',
11 silly cache add   scope: null,
11 silly cache add   name: null,
11 silly cache add   rawSpec: 'rangeslider.js',
11 silly cache add   spec: 'C:\\Users\\switch\\Desktop\\rangeslider.js-2.0.5\\rangeslider.js',
11 silly cache add   type: 'local' }
12 silly addLocalTarball shasum (computed) 495afa9adcb3b5f2633590d1caf21b303849c030
13 verbose addTmpTarball C:\Users\switch\Desktop\rangeslider.js-2.0.5\rangeslider.js not in flight; adding
14 verbose addTmpTarball validating metadata from C:\Users\switch\Desktop\rangeslider.js-2.0.5\rangeslider.js
15 verbose tar unpack C:\Users\switch\Desktop\rangeslider.js-2.0.5\rangeslider.js
16 verbose tar unpacking to C:\Users\switch\AppData\Local\Temp\npm-9592-2499605c\unpack-ebe7d54805de770924c9a1a41b8325f5
17 silly gentlyRm C:\Users\switch\AppData\Local\Temp\npm-9592-2499605c\unpack-ebe7d54805de770924c9a1a41b8325f5 is being purged
18 verbose gentlyRm don't care about contents; nuking C:\Users\switch\AppData\Local\Temp\npm-9592-2499605c\unpack-ebe7d54805de770924c9a1a41b8325f5
19 silly gunzTarPerm modes [ '777', '666' ]
20 error not a package C:\Users\switch\Desktop\rangeslider.js-2.0.5\rangeslider.js
21 error addLocal Could not install C:\Users\switch\Desktop\rangeslider.js-2.0.5\rangeslider.js
22 silly fetchPackageMetaData Error: ENOENT: no such file or directory, open 'C:\Users\switch\AppData\Local\Temp\npm-9592-2499605c\unpack-ebe7d54805de770924c9a1a41b8325f5\package.json'
22 silly fetchPackageMetaData     at Error (native)
22 silly fetchPackageMetaData  error for rangeslider.js { [Error: ENOENT: no such file or directory, open 'C:\Users\switch\AppData\Local\Temp\npm-9592-2499605c\unpack-ebe7d54805de770924c9a1a41b8325f5\package.json']
22 silly fetchPackageMetaData   errno: -4058,
22 silly fetchPackageMetaData   code: 'ENOENT',
22 silly fetchPackageMetaData   syscall: 'open',
22 silly fetchPackageMetaData   path: 'C:\\Users\\switch\\AppData\\Local\\Temp\\npm-9592-2499605c\\unpack-ebe7d54805de770924c9a1a41b8325f5\\package.json' }
23 silly rollbackFailedOptional Starting
24 silly rollbackFailedOptional Finishing
25 silly runTopLevelLifecycles Starting
26 silly runTopLevelLifecycles Finishing
27 silly install printInstalled
28 verbose stack Error: ENOENT: no such file or directory, open 'C:\Users\switch\AppData\Local\Temp\npm-9592-2499605c\unpack-ebe7d54805de770924c9a1a41b8325f5\package.json'
28 verbose stack     at Error (native)
29 verbose cwd C:\Users\switch\Desktop\rangeslider.js-2.0.5
30 error Windows_NT 10.0.10586
31 error argv "C:\\Program Files\\nodejs\\node.exe" "C:\\Program Files\\nodejs\\node_modules\\npm\\bin\\npm-cli.js" "install" "--save" "rangeslider.js"
32 error node v5.3.0
33 error npm  v3.3.12
34 error path C:\Users\switch\AppData\Local\Temp\npm-9592-2499605c\unpack-ebe7d54805de770924c9a1a41b8325f5\package.json
35 error code ENOENT
36 error errno -4058
37 error syscall open
38 error enoent ENOENT: no such file or directory, open 'C:\Users\switch\AppData\Local\Temp\npm-9592-2499605c\unpack-ebe7d54805de770924c9a1a41b8325f5\package.json'
38 error enoent This is most likely not a problem with npm itself
38 error enoent and is related to npm not being able to find a file.
39 verbose exit [ -4058, true ]
